<?xml version="1.0" encoding="UTF-8"?>
<testsuite xmlns:xsi="http://www.w3.org/2001/XMLSchema-instance" xsi:noNamespaceSchemaLocation="https://maven.apache.org/surefire/maven-surefire-plugin/xsd/surefire-test-report-3.0.xsd" version="3.0" name="TestSuite" time="72.573" tests="4" errors="0" skipped="1" failures="2">
  <properties>
[...]
</properties>
  <testcase name="homePageTest" classname="com.unicoStudio.tests.HomePageTests" time="52.727">
    <system-out><![CDATA[projectPath = /Users/nahsen/IdeaProjects/UnicoStudio-
path = /Users/nahsen/IdeaProjects/UnicoStudio-/test-output/report.html
actAboutText = About
actGamesText = Games
actCareersText = Careers
actContactText = Contact
homeTitle = Home - Unico
homeWindow = CDwindow-1A955605C5668728B20BDE500C6FF84E
actFacebook = Unico Studio - Home
actTwitter = Unico Studio (@StudioUnico) / Twitter
actInstagram = Unico Studio (@unicostudiogames) • Instagram photos and videos
termAndConTextText = Terms and Conditions
privacyPolicyTextText = Privacy Policy
actGooglePlayTitle : Android Apps by Unico Studio on Google Play
actAppStoreTitle= UNICO STUDIO - iPad & iPhone
]]></system-out>
    <system-err><![CDATA[SLF4J: Failed to load class "org.slf4j.impl.StaticLoggerBinder".
SLF4J: Defaulting to no-operation (NOP) logger implementation
SLF4J: See http://www.slf4j.org/codes.html#StaticLoggerBinder for further details.
Starting ChromeDriver 108.0.5359.71 (1e0e3868ee06e91ad636a874420e3ca3ae3756ac-refs/branch-heads/5359@{#1016}) on port 5540
Only local connections are allowed.
Please see https://chromedriver.chromium.org/security-considerations for suggestions on keeping ChromeDriver safe.
ChromeDriver was started successfully.
Dec 06, 2022 5:07:03 PM org.openqa.selenium.remote.ProtocolHandshake createSession
INFO: Detected dialect: W3C
org.openqa.selenium.TimeoutException: Expected condition failed: waiting for com.unicoStudio.utilities.BrowserUtils$1@75c9e76b (tried for 1 second(s) with 500 milliseconds interval)
Build info: version: '3.141.59', revision: 'e82be7d358', time: '2018-11-14T08:17:03'
System info: host: 'nahsen-mbp', ip: 'fe80:0:0:0:1805:e1c9:84be:b9eb%en0', os.name: 'Mac OS X', os.arch: 'x86_64', os.version: '10.16', java.version: '1.8.0_202'
Driver info: org.openqa.selenium.chrome.ChromeDriver
Capabilities {acceptInsecureCerts: false, browserName: chrome, browserVersion: 108.0.5359.94, chrome: {chromedriverVersion: 108.0.5359.71 (1e0e3868ee06..., userDataDir: /var/folders/bv/psbf9139005...}, goog:chromeOptions: {debuggerAddress: localhost:63735}, javascriptEnabled: true, networkConnectionEnabled: false, pageLoadStrategy: normal, platform: MAC, platformName: MAC, proxy: Proxy(), setWindowRect: true, strictFileInteractability: false, timeouts: {implicit: 0, pageLoad: 300000, script: 30000}, unhandledPromptBehavior: dismiss and notify, webauthn:extension:credBlob: true, webauthn:extension:largeBlob: true, webauthn:virtualAuthenticators: true}
Session ID: 6ee0140e4e071d71a7e074ef33104c64
	at org.openqa.selenium.support.ui.WebDriverWait.timeoutException(WebDriverWait.java:95)
	at org.openqa.selenium.support.ui.FluentWait.until(FluentWait.java:272)
	at com.unicoStudio.utilities.BrowserUtils.waitForPageToLoad(BrowserUtils.java:182)
	at com.unicoStudio.tests.HomePageTests.homePageTest(HomePageTests.java:110)
	at sun.reflect.NativeMethodAccessorImpl.invoke0(Native Method)
	at sun.reflect.NativeMethodAccessorImpl.invoke(NativeMethodAccessorImpl.java:62)
	at sun.reflect.DelegatingMethodAccessorImpl.invoke(DelegatingMethodAccessorImpl.java:43)
	at java.lang.reflect.Method.invoke(Method.java:498)
	at org.testng.internal.MethodInvocationHelper.invokeMethod(MethodInvocationHelper.java:134)
	at org.testng.internal.TestInvoker.invokeMethod(TestInvoker.java:597)
	at org.testng.internal.TestInvoker.invokeTestMethod(TestInvoker.java:173)
	at org.testng.internal.MethodRunner.runInSequence(MethodRunner.java:46)
	at org.testng.internal.TestInvoker$MethodInvocationAgent.invoke(TestInvoker.java:816)
	at org.testng.internal.TestInvoker.invokeTestMethods(TestInvoker.java:146)
	at org.testng.internal.TestMethodWorker.invokeTestMethods(TestMethodWorker.java:146)
	at org.testng.internal.TestMethodWorker.run(TestMethodWorker.java:128)
	at java.util.ArrayList.forEach(ArrayList.java:1257)
	at org.testng.TestRunner.privateRun(TestRunner.java:766)
	at org.testng.TestRunner.run(TestRunner.java:587)
	at org.testng.SuiteRunner.runTest(SuiteRunner.java:384)
	at org.testng.SuiteRunner.runSequentially(SuiteRunner.java:378)
	at org.testng.SuiteRunner.privateRun(SuiteRunner.java:337)
	at org.testng.SuiteRunner.run(SuiteRunner.java:286)
	at org.testng.SuiteRunnerWorker.runSuite(SuiteRunnerWorker.java:53)
	at org.testng.SuiteRunnerWorker.run(SuiteRunnerWorker.java:96)
	at org.testng.TestNG.runSuitesSequentially(TestNG.java:1187)
	at org.testng.TestNG.runSuitesLocally(TestNG.java:1109)
	at org.testng.TestNG.runSuites(TestNG.java:1039)
	at org.testng.TestNG.run(TestNG.java:1007)
	at org.apache.maven.surefire.testng.TestNGExecutor.run(TestNGExecutor.java:284)
	at org.apache.maven.surefire.testng.TestNGXmlTestSuite.execute(TestNGXmlTestSuite.java:75)
	at org.apache.maven.surefire.testng.TestNGProvider.invoke(TestNGProvider.java:119)
	at org.apache.maven.surefire.booter.ForkedBooter.runSuitesInProcess(ForkedBooter.java:428)
	at org.apache.maven.surefire.booter.ForkedBooter.execute(ForkedBooter.java:162)
	at org.apache.maven.surefire.booter.ForkedBooter.run(ForkedBooter.java:562)
	at org.apache.maven.surefire.booter.ForkedBooter.main(ForkedBooter.java:548)
]]></system-err>
  </testcase>
  <testcase name="aboutPageTest" classname="com.unicoStudio.tests.AboutPageTest" time="6.158">
    <failure message="expected [Unico Studio - Home | Facebook] but found [Unico Studio - Home]" type="java.lang.AssertionError"><![CDATA[java.lang.AssertionError: expected [Unico Studio - Home | Facebook] but found [Unico Studio - Home]
	at com.unicoStudio.tests.AboutPageTest.aboutPageTest(AboutPageTest.java:59)
]]></failure>
    <system-out><![CDATA[aboutPageTitle = About - Unico
whoWeAreText = Who are we?
teamMatesText = 
theTeamText = 
theTeamInfText = 
homeWindow = CDwindow-1A955605C5668728B20BDE500C6FF84E
actFacebook = Unico Studio - Home
]]></system-out>
  </testcase>
  <testcase name="tearDown[[TestResult name=aboutPageTest status=FAILURE method=AboutPageTest.aboutPageTest()[pri:0, instance:com.unicoStudio.tests.AboutPageTest@27eedb64] output={null}]](0)" classname="com.unicoStudio.tests.AboutPageTest" time="6.16">
    <failure type="java.lang.NullPointerException"><![CDATA[java.lang.NullPointerException
]]></failure>
  </testcase>
  <testcase name="tearDownTest" classname="com.unicoStudio.tests.AboutPageTest" time="0">
    <skipped/>
  </testcase>
</testsuite>