<?xml version="1.0" encoding="UTF-8"?>
<testsuite xmlns:xsi="http://www.w3.org/2001/XMLSchema-instance" xsi:noNamespaceSchemaLocation="https://maven.apache.org/surefire/maven-surefire-plugin/xsd/surefire-test-report-3.0.xsd" version="3.0" name="TestSuite" time="173.62" tests="6" errors="0" skipped="0" failures="0">
  <properties>
[...]
</properties>
  <testcase name="aboutGeneralTextTest" classname="com.unicoStudio.tests.AboutPageTest" time="14.108">
    <system-out><![CDATA[projectPath = /Users/nahsen/IdeaProjects/UnicoStudio-
path = /Users/nahsen/IdeaProjects/UnicoStudio-/test-output/report.html
actAboutText = About
actGamesText = Games
actCareersText = Careers
actContactText = Contact
homeTitle = Home - Unico
homeWindow = D87F1437809CD49082536682874BC2AC
aboutPageTitle = About - Unico
whoWeAreText = Who we are
theTeamText = 
theTeamInfText = 
]]></system-out>
    <system-err><![CDATA[SLF4J: Failed to load class "org.slf4j.impl.StaticLoggerBinder".
SLF4J: Defaulting to no-operation (NOP) logger implementation
SLF4J: See http://www.slf4j.org/codes.html#StaticLoggerBinder for further details.
Starting ChromeDriver 112.0.5615.49 (bd2a7bcb881c11e8cfe3078709382934e3916914-refs/brancSthar-thienads/5615@{#936g Chrom})e oDn prorti 24v129e
Onrly  local1 con1necti2ons. ar0e al.5l6o15.49 w(ebd.
dPl2eaas7e see https:bcb881c11e/8/cchrfomedreiv3e0r7870.9c3h8r2o9m3i4uem3.916o91rg4/-sreecfs/branch-uheads/5615@r{#9i3t6}y)- coonn spiodrerta t4i4o5n1s
 Ofnolry  sluogcgaels ticoonnsne ctonio nkse eaprien g aClhromeDriver lsoawfeed..

Please see https://chromedriver.chromium.org/security-considerations for suggestions on keeping ChromeDriver safe.
ChromeDriver was started successfully.
ChromeDriver was started successfully.
Apr 27, 2023 10:46:39 AM org.openqa.selenium.remote.ProtocolHandshake createSession
INFO: Detected dialect: W3C
Apr 27, 2023 10:46:39 AM org.openqa.selenium.remote.ProtocolHandshake createSession
INFO: Detected dialect: W3C
]]></system-err>
  </testcase>
  <testcase name="aboutPageFacebookTest" classname="com.unicoStudio.tests.AboutPageTest" time="31.877">
    <system-out><![CDATA[actFacebook = Unico Studio - Home
actTwitter = Unico Studio (@StudioUnico) / Twitter
actInstagram = Unico Studio (@unicostudiogames) | Instagram
termAndConTextText = Terms and Conditions
privacyPolicyTextText = Privacy Policy
actFacebook = Unico Studio - Home | Facebook
]]></system-out>
    <system-err><![CDATA[Starting ChromeDriver 112.0.5615.49 (bd2a7bcb881c11e8cfe3078709382934e3916914-refs/branch-heads/5615@{#936}) on port 15165
Only local connections are allowed.
Please see https://chromedriver.chromium.org/security-considerations for suggestions on keeping ChromeDriver safe.
ChromeDriver was started successfully.
Apr 27, 2023 10:47:08 AM org.openqa.selenium.remote.ProtocolHandshake createSession
INFO: Detected dialect: W3C
]]></system-err>
  </testcase>
  <testcase name="aboutPageInstagramTest" classname="com.unicoStudio.tests.AboutPageTest" time="21.321">
    <system-out><![CDATA[actInstagram = https://www.instagram.com/unicostudiogames/
]]></system-out>
  </testcase>
  <testcase name="aboutPageLinkedInTest" classname="com.unicoStudio.tests.AboutPageTest" time="17.455">
    <system-out><![CDATA[actLinkedIn = Unico Studio | LinkedIn
]]></system-out>
    <system-err><![CDATA[Starting ChromeDriver 112.0.5615.49 (bd2a7bcb881c11e8cfe3078709382934e3916914-refs/branch-heads/5615@{#936}) on port 10231
Only local connections are allowed.
Please see https://chromedriver.chromium.org/security-considerations for suggestions on keeping ChromeDriver safe.
ChromeDriver was started successfully.
Apr 27, 2023 10:48:30 AM org.openqa.selenium.remote.ProtocolHandshake createSession
INFO: Detected dialect: W3C
]]></system-err>
  </testcase>
  <testcase name="aboutPageTwitterTest" classname="com.unicoStudio.tests.AboutPageTest" time="16.534">
    <system-out><![CDATA[actTwitter = Profile / Twitter
]]></system-out>
    <system-err><![CDATA[Starting ChromeDriver 112.0.5615.49 (bd2a7bcb881c11e8cfe3078709382934e3916914-refs/branch-heads/5615@{#936}) on port 14230
Only local connections are allowed.
Please see https://chromedriver.chromium.org/security-considerations for suggestions on keeping ChromeDriver safe.
ChromeDriver was started successfully.
Apr 27, 2023 10:49:01 AM org.openqa.selenium.remote.ProtocolHandshake createSession
INFO: Detected dialect: W3C
]]></system-err>
  </testcase>
  <testcase name="homePageTest" classname="com.unicoStudio.tests.HomePageTests" time="7.552">
    <system-out><![CDATA[actGooglePlayTitle : Android Apps by Unico Studio on Google Play
actAppStoreTitle= UNICO STUDIO - iPad & iPhone
]]></system-out>
    <system-err><![CDATA[Starting ChromeDriver 112.0.5615.49 (bd2a7bcb881c11e8cfe3078709382934e3916914-refs/branch-heads/5615@{#936}) on port 41619
Only local connections are allowed.
Please see https://chromedriver.chromium.org/security-considerations for suggestions on keeping ChromeDriver safe.
ChromeDriver was started successfully.
Apr 27, 2023 10:47:54 AM org.openqa.selenium.remote.ProtocolHandshake createSession
INFO: Detected dialect: W3C
]]></system-err>
  </testcase>
</testsuite>