<?xml version="1.0" encoding="UTF-8"?>
<!-- Generated by org.testng.reporters.JUnitXMLReporter -->
<testsuite hostname="nahsen-mbp" ignored="1" name="UnicoStudioRegrationTest" tests="6" failures="0" timestamp="2023-04-27T10:49:26 EET" time="173.138" errors="0">
  <testcase name="aboutGeneralTextTest" time="14.081" classname="com.unicoStudio.tests.AboutPageTest"/>
  <testcase name="aboutPageFacebookTest" time="31.881" classname="com.unicoStudio.tests.AboutPageTest"/>
  <testcase name="homePageTest" time="82.09" classname="com.unicoStudio.tests.HomePageTests"/>
  <testcase name="aboutPageInstagramTest" time="21.337" classname="com.unicoStudio.tests.AboutPageTest"/>
  <testcase name="aboutPageLinkedInTest" time="17.46" classname="com.unicoStudio.tests.AboutPageTest"/>
  <testcase name="aboutPageTwitterTest" time="16.536" classname="com.unicoStudio.tests.AboutPageTest"/>
  <testcase name="@BeforeTest setUpTest" time="0.0" classname="com.unicoStudio.tests.TestBase">
    <ignored/>
  </testcase> <!-- @BeforeTest setUpTest -->
</testsuite> <!-- UnicoStudioRegrationTest -->
