<?xml version="1.0" encoding="UTF-8"?>
<!-- Generated by org.testng.reporters.JUnitXMLReporter -->
<testsuite hostname="nahsen-mbp" ignored="2" name="UnicoStudioRegrationTest" tests="5" failures="0" timestamp="2022-12-30T19:45:40 EET" time="169.986" errors="0">
  <testcase name="homePageTest" time="88.175" classname="com.unicoStudio.tests.HomePageTests"/>
  <testcase name="aboutPageFacebookTest" time="22.288" classname="com.unicoStudio.tests.AboutPageTest"/>
  <testcase name="aboutPageInstagramTest" time="14.803" classname="com.unicoStudio.tests.AboutPageTest"/>
  <testcase name="aboutPageLinkedInTest" time="10.081" classname="com.unicoStudio.tests.AboutPageTest"/>
  <testcase name="aboutPageTwitterTest" time="10.196" classname="com.unicoStudio.tests.AboutPageTest"/>
  <testcase name="@BeforeTest setUpTest" time="0.0" classname="com.unicoStudio.tests.TestBase">
    <ignored/>
  </testcase> <!-- @BeforeTest setUpTest -->
  <testcase name="@AfterTest tearDownClass" time="0.0" classname="com.unicoStudio.tests.TestBase">
    <ignored/>
  </testcase> <!-- @AfterTest tearDownClass -->
</testsuite> <!-- UnicoStudioRegrationTest -->
